Пользователь:
/back

Пользователь:
/back

Бот:
Приветствую, я бот-помощник, с моей помощью вы можете узнать погоду и многое другое

Узнать погоду (/weather)

Пользователь:
/weather

Бот:
Сначала выберите город при помощи команды /city <название города>

Пользователь:
/weather

Бот:
Сначала выберите город при помощи команды /city <название города>

Пользователь:
/city

Бот:
Ошибка, город не найден

Пользователь:
/weather

Бот:
Сначала выберите город при помощи команды /city <название города>

Пользователь:
/city

Бот:
Ошибка, город не найден

Пользователь:
/city Белово

Бот:
Город успешно выбран

Пользователь:
/city Белово

Бот:
Выбранный город: Белово, Беловский городской округ, Кемеровская область, Сибирский федеральный округ, Россия
Выберите интересующую вас категорию:

Погода в данный момент (/now)
Прогноз на сегодняшний день с интервалом в 3 часа (/today)
Прогноз на ближайшие 5 дней с разделением на четыре времени суток (/5days)
Изменить город (/city <название города>)
Вернуться назад (/back)

Пользователь:
/now

Бот:
Город: Белово
Погода: Пасмурно
Температура: 10 градусов по Цельсию
Ощущается как: 9 градусов по Цельсию
Скорость ветра: 3.33 м/c
Давление: 1012 мм ртутного столба


Пользователь:
/back

Пользователь:
/back

Бот:
Приветствую, я бот-помощник, с моей помощью вы можете узнать погоду и многое другое

Узнать погоду (/weather)

